<?xml version="1.0" encoding="UTF-8"?>
<testsuite xmlns:xsi="http://www.w3.org/2001/XMLSchema-instance" xsi:noNamespaceSchemaLocation="https://maven.apache.org/surefire/maven-surefire-plugin/xsd/surefire-test-report.xsd" name="com.mycompany.app.CsvReaderTest" time="0.562" tests="3" errors="0" skipped="0" failures="0">
  <properties>
[...]
</properties>
  <testcase name="testEmptyFile" classname="com.mycompany.app.CsvReaderTest" time="0.546"/>
  <testcase name="testExampleFile" classname="com.mycompany.app.CsvReaderTest" time="0.016"/>
  <testcase name="testFileWithEmptyValue" classname="com.mycompany.app.CsvReaderTest" time="0"/>
</testsuite>